<?xml version="1.0" encoding="UTF-8"?>
<!-- Generated by org.testng.reporters.JUnitReportReporter -->
<testsuite skipped="0" hostname="LAPTOP-46GH9RHC" name="com.flipkart.FlipkartTest" tests="1" failures="0" timestamp="08 Jul 2018 07:57:25 GMT" time="9.428" errors="0">
  <testcase name="IniatiatingBrowsertest" time="9.428" classname="com.flipkart.FlipkartTest"/>
</testsuite> <!-- com.flipkart.FlipkartTest -->
